c:\users\승건이\documents\github\winapi_kirby\windows.실습9\x64\debug\vc143.pdb
c:\users\승건이\documents\github\winapi_kirby\windows.실습9\x64\debug\vc143.idb
c:\users\승건이\documents\github\winapi_kirby\windows.실습9\x64\debug\soundmanger.obj
c:\users\승건이\documents\github\winapi_kirby\windows.실습9\x64\debug\main.obj
c:\users\승건이\documents\github\winapi_kirby\windows.실습9\x64\debug\game.obj
c:\users\승건이\documents\github\winapi_kirby\x64\debug\windows.실습9.exe
c:\users\승건이\documents\github\winapi_kirby\x64\debug\windows.실습9.pdb
c:\users\승건이\documents\github\winapi_kirby\windows.실습9\x64\debug\resource.res
c:\users\승건이\documents\github\winapi_kirby\windows.실습9\x64\debug\windows.실습9.ilk
c:\users\승건이\documents\github\winapi_kirby\windows.실습9\x64\debug\windows.실습9.tlog\cl.command.1.tlog
c:\users\승건이\documents\github\winapi_kirby\windows.실습9\x64\debug\windows.실습9.tlog\cl.items.tlog
c:\users\승건이\documents\github\winapi_kirby\windows.실습9\x64\debug\windows.실습9.tlog\cl.read.1.tlog
c:\users\승건이\documents\github\winapi_kirby\windows.실습9\x64\debug\windows.실습9.tlog\cl.write.1.tlog
c:\users\승건이\documents\github\winapi_kirby\windows.실습9\x64\debug\windows.실습9.tlog\link.command.1.tlog
c:\users\승건이\documents\github\winapi_kirby\windows.실습9\x64\debug\windows.실습9.tlog\link.read.1.tlog
c:\users\승건이\documents\github\winapi_kirby\windows.실습9\x64\debug\windows.실습9.tlog\link.secondary.1.tlog
c:\users\승건이\documents\github\winapi_kirby\windows.실습9\x64\debug\windows.실습9.tlog\link.write.1.tlog
c:\users\승건이\documents\github\winapi_kirby\windows.실습9\x64\debug\windows.실습9.tlog\rc.command.1.tlog
c:\users\승건이\documents\github\winapi_kirby\windows.실습9\x64\debug\windows.실습9.tlog\rc.read.1.tlog
c:\users\승건이\documents\github\winapi_kirby\windows.실습9\x64\debug\windows.실습9.tlog\rc.write.1.tlog
